<?xml version="1.0" encoding="UTF-8"?>
<!-- Generated by org.testng.reporters.JUnitXMLReporter -->
<testsuite ignored="1" hostname="DESKTOP-F8015J4" failures="2" tests="12" name="Test" time="0.168" errors="0" timestamp="2019-09-26T15:09:27 IST">
  <testcase classname="learn_TestNG.DemoA" name="m2" time="0.009"/>
  <testcase classname="learn_TestNG.DemoA" name="m2" time="0.002"/>
  <testcase classname="learn_TestNG.DemoA" name="m3" time="0.004">
    <failure type="java.lang.AssertionError" message="null">
      <![CDATA[java.lang.AssertionError: null
at learn_TestNG.DemoA.m3(DemoA.java:36)
at java.base/java.util.ArrayList.forEach(ArrayList.java:1507)
... Removed 29 stack frames]]>
    </failure>
  </testcase> <!-- m3 -->
  <testcase classname="learn_TestNG.DemoA" name="m4" time="0.0">
    <skipped/>
  </testcase> <!-- m4 -->
  <testcase classname="learn_TestNG.DemoA" name="m5" time="0.003"/>
  <testcase classname="learn_TestNG.DemoA" name="m1" time="0.001"/>
  <testcase classname="learn_TestNG.DemoA" name="m1" time="0.002"/>
  <testcase classname="learn_TestNG.DemoB" name="m2" time="0.002"/>
  <testcase classname="learn_TestNG.DemoB" name="m2" time="0.003"/>
  <testcase classname="learn_TestNG.DemoB" name="m3" time="0.001">
    <failure type="java.lang.AssertionError" message="null">
      <![CDATA[java.lang.AssertionError: null
at learn_TestNG.DemoB.m3(DemoB.java:24)
at java.base/java.util.ArrayList.forEach(ArrayList.java:1507)
... Removed 29 stack frames]]>
    </failure>
  </testcase> <!-- m3 -->
  <testcase classname="learn_TestNG.DemoB" name="m4" time="0.0">
    <skipped/>
  </testcase> <!-- m4 -->
  <testcase classname="learn_TestNG.DemoB" name="m5" time="0.002"/>
  <testcase classname="learn_TestNG.DemoB" name="m1" time="0.0">
    <ignored/>
  </testcase> <!-- m1 -->
</testsuite> <!-- Test -->
